This is pdfTeX, Version 3.14159265-2.6-1.40.21 (TeX Live 2020) (preloaded format=pdflatex 2020.4.7)  19 OCT 2021 21:10
entering extended mode
 restricted \write18 enabled.
 file:line:error style messages enabled.
 %&-line parsing enabled.
**/Users/francisco/Documents/utec/cs1000-utec/pc1/latex/pc1.tex
(/Users/francisco/Documents/utec/cs1000-utec/pc1/latex/pc1.tex
LaTeX2e <2020-02-02> patch level 5
L3 programming layer <2020-03-06> (/usr/local/texlive/2020/texmf-dist/tex/latex/exam/exam.cls
Document Class: exam 2017/12/17 Version 2.603 by Philip Hirschhorn
(/usr/local/texlive/2020/texmf-dist/tex/latex/base/ifthen.sty
Package: ifthen 2014/09/29 v1.1c Standard LaTeX ifthen package (DPC)
) (/usr/local/texlive/2020/texmf-dist/tex/latex/base/article.cls
Document Class: article 2019/12/20 v1.4l Standard LaTeX document class
(/usr/local/texlive/2020/texmf-dist/tex/latex/base/size12.clo
File: size12.clo 2019/12/20 v1.4l Standard LaTeX file (size option)
)
\c@part=\count167
\c@section=\count168
\c@subsection=\count169
\c@subsubsection=\count170
\c@paragraph=\count171
\c@subparagraph=\count172
\c@figure=\count173
\c@table=\count174
\abovecaptionskip=\skip47
\belowcaptionskip=\skip48
\bibindent=\dimen134
)
\@extrawidth=\skip49
\@rightmargin=\skip50
\@extrahead=\skip51
\@extrafoot=\skip52
\run@exhd=\skip53
\fp@exhd=\skip54
\run@exft=\skip55
\fp@exft=\skip56
\covrun@exhd=\skip57
\covfp@exhd=\skip58
\covrun@exft=\skip59
\covfp@exft=\skip60
\c@num@coverpages=\count175
\c@latest@ques=\count176
\c@ques@end=\count177
\c@last@object=\count178
\c@incmp@ques=\count179
\c@next@ques=\count180
\c@next@page=\count181
\c@tmp@hlfcntr=\count182
\c@ifpos@cntr=\count183
\c@question=\count184
\c@partno=\count185
\c@subpart=\count186
\c@subsubpart=\count187
\c@choice=\count188
\c@numpoints=\count189
\c@numbonuspoints=\count190
\c@pointsof@thisquestion=\count191
\c@bonuspointsof@thisquestion=\count192
\c@numquestions=\count193
\c@numparts=\count194
\c@numsubparts=\count195
\c@numsubsubparts=\count196
\c@Curr@Page=\count197
\c@@pagepoints=\count198
\c@@pagebonuspoints=\count199
\c@pageof@pagepoints=\count266
\c@pageof@pagebonuspoints=\count267
\c@latest@points=\count268
\c@latest@bonuspoints=\count269
\pageinfo@commands=\toks15
\temp@toks=\toks16
\pagepoint@commands=\toks17
\point@toks=\toks18
\c@ques@object=\count270
\marginpointssep=\skip61
\rightpointsmargin=\skip62
\choice@toks=\toks19
\answerlinelength=\skip63
\answerskip=\skip64
\answerclearance=\skip65
\fillinlinelength=\skip66
\linefillheight=\skip67
\linefillthickness=\skip68
\dottedlinefillheight=\skip69
\gridsize=\skip70
\gridlinewidth=\skip71
\minboxheight=\skip72
\c@@iterator=\count271
\@cellwidth=\skip73
\c@tbl@points=\count272
\c@tbl@bonuspoints=\count273
\c@pq@index=\count274
\c@pq@index@pts=\count275
\c@pq@index@bpts=\count276
\c@num@cols=\count277
\c@num@rows=\count278
\c@current@row=\count279
\c@cols@done=\count280
\exam@box=\box45
\saved@totalleftmargin=\dimen135
\@sollistdepth=\count281
\exam@FrameRule=\dimen136
\exam@FrameSep=\dimen137
) (/usr/local/texlive/2020/texmf-dist/tex/latex/base/inputenc.sty
Package: inputenc 2018/08/11 v1.3c Input encoding file
\inpenc@prehook=\toks20
\inpenc@posthook=\toks21
) (/usr/local/texlive/2020/texmf-dist/tex/latex/geometry/geometry.sty
Package: geometry 2020/01/02 v5.9 Page Geometry
 (/usr/local/texlive/2020/texmf-dist/tex/latex/graphics/keyval.sty
Package: keyval 2014/10/28 v1.15 key=value parser (DPC)
\KV@toks@=\toks22
) (/usr/local/texlive/2020/texmf-dist/tex/generic/iftex/ifvtex.sty
Package: ifvtex 2019/10/25 v1.7 ifvtex legacy package. Use iftex instead.
 (/usr/local/texlive/2020/texmf-dist/tex/generic/iftex/iftex.sty
Package: iftex 2020/03/06 v1.0d TeX engine tests
))
\Gm@cnth=\count282
\Gm@cntv=\count283
\c@Gm@tempcnt=\count284
\Gm@bindingoffset=\dimen138
\Gm@wd@mp=\dimen139
\Gm@odd@mp=\dimen140
\Gm@even@mp=\dimen141
\Gm@layoutwidth=\dimen142
\Gm@layoutheight=\dimen143
\Gm@layouthoffset=\dimen144
\Gm@layoutvoffset=\dimen145
\Gm@dimlist=\toks23
) (/usr/local/texlive/2020/texmf-dist/tex/latex/amsmath/amsmath.sty
Package: amsmath 2020/01/20 v2.17e AMS math features
\@mathmargin=\skip74

For additional information on amsmath, use the `?' option.
(/usr/local/texlive/2020/texmf-dist/tex/latex/amsmath/amstext.sty
Package: amstext 2000/06/29 v2.01 AMS text
 (/usr/local/texlive/2020/texmf-dist/tex/latex/amsmath/amsgen.sty
File: amsgen.sty 1999/11/30 v2.0 generic functions
\@emptytoks=\toks24
\ex@=\dimen146
)) (/usr/local/texlive/2020/texmf-dist/tex/latex/amsmath/amsbsy.sty
Package: amsbsy 1999/11/29 v1.2d Bold Symbols
\pmbraise@=\dimen147
) (/usr/local/texlive/2020/texmf-dist/tex/latex/amsmath/amsopn.sty
Package: amsopn 2016/03/08 v2.02 operator names
)
\inf@bad=\count285
LaTeX Info: Redefining \frac on input line 227.
\uproot@=\count286
\leftroot@=\count287
LaTeX Info: Redefining \overline on input line 389.
\classnum@=\count288
\DOTSCASE@=\count289
LaTeX Info: Redefining \ldots on input line 486.
LaTeX Info: Redefining \dots on input line 489.
LaTeX Info: Redefining \cdots on input line 610.
\Mathstrutbox@=\box46
\strutbox@=\box47
\big@size=\dimen148
LaTeX Font Info:    Redeclaring font encoding OML on input line 733.
LaTeX Font Info:    Redeclaring font encoding OMS on input line 734.
\macc@depth=\count290
\c@MaxMatrixCols=\count291
\dotsspace@=\muskip16
\c@parentequation=\count292
\dspbrk@lvl=\count293
\tag@help=\toks25
\row@=\count294
\column@=\count295
\maxfields@=\count296
\andhelp@=\toks26
\eqnshift@=\dimen149
\alignsep@=\dimen150
\tagshift@=\dimen151
\tagwidth@=\dimen152
\totwidth@=\dimen153
\lineht@=\dimen154
\@envbody=\toks27
\multlinegap=\skip75
\multlinetaggap=\skip76
\mathdisplay@stack=\toks28
LaTeX Info: Redefining \[ on input line 2859.
LaTeX Info: Redefining \] on input line 2860.
) (/usr/local/texlive/2020/texmf-dist/tex/latex/amsfonts/amssymb.sty
Package: amssymb 2013/01/14 v3.01 AMS font symbols
 (/usr/local/texlive/2020/texmf-dist/tex/latex/amsfonts/amsfonts.sty
Package: amsfonts 2013/01/14 v3.01 Basic AMSFonts support
\symAMSa=\mathgroup4
\symAMSb=\mathgroup5
LaTeX Font Info:    Redeclaring math symbol \hbar on input line 98.
LaTeX Font Info:    Overwriting math alphabet `\mathfrak' in version `bold'
(Font)                  U/euf/m/n --> U/euf/b/n on input line 106.
)) (/usr/local/texlive/2020/texmf-dist/tex/latex/tools/multicol.sty
Package: multicol 2019/12/09 v1.8y multicolumn formatting (FMi)
\c@tracingmulticols=\count297
\mult@box=\box48
\multicol@leftmargin=\dimen155
\c@unbalance=\count298
\c@collectmore=\count299
\doublecol@number=\count300
\multicoltolerance=\count301
\multicolpretolerance=\count302
\full@width=\dimen156
\page@free=\dimen157
\premulticols=\dimen158
\postmulticols=\dimen159
\multicolsep=\skip77
\multicolbaselineskip=\skip78
\partial@page=\box49
\last@line=\box50
\maxbalancingoverflow=\dimen160
\mult@rightbox=\box51
\mult@grightbox=\box52
\mult@gfirstbox=\box53
\mult@firstbox=\box54
\@tempa=\box55
\@tempa=\box56
\@tempa=\box57
\@tempa=\box58
\@tempa=\box59
\@tempa=\box60
\@tempa=\box61
\@tempa=\box62
\@tempa=\box63
\@tempa=\box64
\@tempa=\box65
\@tempa=\box66
\@tempa=\box67
\@tempa=\box68
\@tempa=\box69
\@tempa=\box70
\@tempa=\box71
\@tempa=\box72
\@tempa=\box73
\@tempa=\box74
\@tempa=\box75
\@tempa=\box76
\@tempa=\box77
\@tempa=\box78
\@tempa=\box79
\@tempa=\box80
\@tempa=\box81
\@tempa=\box82
\@tempa=\box83
\@tempa=\box84
\@tempa=\box85
\@tempa=\box86
\@tempa=\box87
\@tempa=\box88
\@tempa=\box89
\@tempa=\box90
\@tempa=\box91
\c@minrows=\count303
\c@columnbadness=\count304
\c@finalcolumnbadness=\count305
\last@try=\dimen161
\multicolovershoot=\dimen162
\multicolundershoot=\dimen163
\mult@nat@firstbox=\box92
\colbreak@box=\box93
\mc@col@check@num=\count306
) (/usr/local/texlive/2020/texmf-dist/tex/latex/graphics/graphics.sty
Package: graphics 2019/11/30 v1.4a Standard LaTeX Graphics (DPC,SPQR)
 (/usr/local/texlive/2020/texmf-dist/tex/latex/graphics/trig.sty
Package: trig 2016/01/03 v1.10 sin cos tan (DPC)
) (/usr/local/texlive/2020/texmf-dist/tex/latex/graphics-cfg/graphics.cfg
File: graphics.cfg 2016/06/04 v1.11 sample graphics configuration
)
Package graphics Info: Driver file: pdftex.def on input line 105.
 (/usr/local/texlive/2020/texmf-dist/tex/latex/graphics-def/pdftex.def
File: pdftex.def 2018/01/08 v1.0l Graphics/color driver for pdftex
)) (/usr/local/texlive/2020/texmf-dist/tex/latex/graphics/graphicx.sty
Package: graphicx 2019/11/30 v1.2a Enhanced LaTeX Graphics (DPC,SPQR)
\Gin@req@height=\dimen164
\Gin@req@width=\dimen165
) (/usr/local/texlive/2020/texmf-dist/tex/latex/subfigure/subfigure.sty
Package: subfigure 2002/03/15 v2.1.5 subfigure package
\subfigtopskip=\skip79
\subfigcapskip=\skip80
\subfigcaptopadj=\dimen166
\subfigbottomskip=\skip81
\subfigcapmargin=\dimen167
\subfiglabelskip=\skip82
\c@subfigure=\count307
\c@lofdepth=\count308
\c@subtable=\count309
\c@lotdepth=\count310

****************************************
* Local config file subfigure.cfg used *
****************************************
(/usr/local/texlive/2020/texmf-dist/tex/latex/subfigure/subfigure.cfg)
\subfig@top=\skip83
\subfig@bottom=\skip84
) (/usr/local/texlive/2020/texmf-dist/tex/latex/listings/listings.sty
\lst@mode=\count311
\lst@gtempboxa=\box94
\lst@token=\toks29
\lst@length=\count312
\lst@currlwidth=\dimen168
\lst@column=\count313
\lst@pos=\count314
\lst@lostspace=\dimen169
\lst@width=\dimen170
\lst@newlines=\count315
\lst@lineno=\count316
\lst@maxwidth=\dimen171
 (/usr/local/texlive/2020/texmf-dist/tex/latex/listings/lstmisc.sty
File: lstmisc.sty 2020/03/24 1.8d (Carsten Heinz)
\c@lstnumber=\count317
\lst@skipnumbers=\count318
\lst@framebox=\box95
) (/usr/local/texlive/2020/texmf-dist/tex/latex/listings/listings.cfg
File: listings.cfg 2020/03/24 1.8d listings configuration
))
Package: listings 2020/03/24 1.8d (Carsten Heinz)
 (/usr/local/texlive/2020/texmf-dist/tex/latex/hyperref/hyperref.sty
Package: hyperref 2020/01/14 v7.00d Hypertext links for LaTeX
 (/usr/local/texlive/2020/texmf-dist/tex/generic/ltxcmds/ltxcmds.sty
Package: ltxcmds 2019/12/15 v1.24 LaTeX kernel commands for general use (HO)
) (/usr/local/texlive/2020/texmf-dist/tex/latex/pdftexcmds/pdftexcmds.sty
Package: pdftexcmds 2019/11/24 v0.31 Utility functions of pdfTeX for LuaTeX (HO)
 (/usr/local/texlive/2020/texmf-dist/tex/generic/infwarerr/infwarerr.sty
Package: infwarerr 2019/12/03 v1.5 Providing info/warning/error messages (HO)
)
Package pdftexcmds Info: \pdf@primitive is available.
Package pdftexcmds Info: \pdf@ifprimitive is available.
Package pdftexcmds Info: \pdfdraftmode found.
) (/usr/local/texlive/2020/texmf-dist/tex/generic/kvsetkeys/kvsetkeys.sty
Package: kvsetkeys 2019/12/15 v1.18 Key value parser (HO)
) (/usr/local/texlive/2020/texmf-dist/tex/generic/kvdefinekeys/kvdefinekeys.sty
Package: kvdefinekeys 2019-12-19 v1.6 Define keys (HO)
) (/usr/local/texlive/2020/texmf-dist/tex/generic/pdfescape/pdfescape.sty
Package: pdfescape 2019/12/09 v1.15 Implements pdfTeX's escape features (HO)
) (/usr/local/texlive/2020/texmf-dist/tex/latex/hycolor/hycolor.sty
Package: hycolor 2020-01-27 v1.10 Color options for hyperref/bookmark (HO)
) (/usr/local/texlive/2020/texmf-dist/tex/latex/letltxmacro/letltxmacro.sty
Package: letltxmacro 2019/12/03 v1.6 Let assignment for LaTeX macros (HO)
) (/usr/local/texlive/2020/texmf-dist/tex/latex/auxhook/auxhook.sty
Package: auxhook 2019-12-17 v1.6 Hooks for auxiliary files (HO)
) (/usr/local/texlive/2020/texmf-dist/tex/latex/kvoptions/kvoptions.sty
Package: kvoptions 2019/11/29 v3.13 Key value format for package options (HO)
)
\@linkdim=\dimen172
\Hy@linkcounter=\count319
\Hy@pagecounter=\count320
 (/usr/local/texlive/2020/texmf-dist/tex/latex/hyperref/pd1enc.def
File: pd1enc.def 2020/01/14 v7.00d Hyperref: PDFDocEncoding definition (HO)
Now handling font encoding PD1 ...
... no UTF-8 mapping file for font encoding PD1
) (/usr/local/texlive/2020/texmf-dist/tex/generic/intcalc/intcalc.sty
Package: intcalc 2019/12/15 v1.3 Expandable calculations with integers (HO)
) (/usr/local/texlive/2020/texmf-dist/tex/generic/etexcmds/etexcmds.sty
Package: etexcmds 2019/12/15 v1.7 Avoid name clashes with e-TeX commands (HO)
)
\Hy@SavedSpaceFactor=\count321
Package hyperref Info: Hyper figures OFF on input line 4547.
Package hyperref Info: Link nesting OFF on input line 4552.
Package hyperref Info: Hyper index ON on input line 4555.
Package hyperref Info: Plain pages OFF on input line 4562.
Package hyperref Info: Backreferencing OFF on input line 4567.
Package hyperref Info: Implicit mode ON; LaTeX internals redefined.
Package hyperref Info: Bookmarks ON on input line 4800.
\c@Hy@tempcnt=\count322
 (/usr/local/texlive/2020/texmf-dist/tex/latex/url/url.sty
\Urlmuskip=\muskip17
Package: url 2013/09/16  ver 3.4  Verb mode for urls, etc.
)
LaTeX Info: Redefining \url on input line 5159.
\XeTeXLinkMargin=\dimen173
 (/usr/local/texlive/2020/texmf-dist/tex/generic/bitset/bitset.sty
Package: bitset 2019/12/09 v1.3 Handle bit-vector datatype (HO)
 (/usr/local/texlive/2020/texmf-dist/tex/generic/bigintcalc/bigintcalc.sty
Package: bigintcalc 2019/12/15 v1.5 Expandable calculations on big integers (HO)
))
\Fld@menulength=\count323
\Field@Width=\dimen174
\Fld@charsize=\dimen175
Package hyperref Info: Hyper figures OFF on input line 6430.
Package hyperref Info: Link nesting OFF on input line 6435.
Package hyperref Info: Hyper index ON on input line 6438.
Package hyperref Info: backreferencing OFF on input line 6445.
Package hyperref Info: Link coloring OFF on input line 6450.
Package hyperref Info: Link coloring with OCG OFF on input line 6455.
Package hyperref Info: PDF/A mode OFF on input line 6460.
LaTeX Info: Redefining \ref on input line 6500.
LaTeX Info: Redefining \pageref on input line 6504.
 (/usr/local/texlive/2020/texmf-dist/tex/generic/atbegshi/atbegshi.sty
Package: atbegshi 2019/12/05 v1.19 At begin shipout hook (HO)
)
\Hy@abspage=\count324
\c@Item=\count325
\c@Hfootnote=\count326
)
Package hyperref Info: Driver (autodetected): hpdftex.
 (/usr/local/texlive/2020/texmf-dist/tex/latex/hyperref/hpdftex.def
File: hpdftex.def 2020/01/14 v7.00d Hyperref driver for pdfTeX
 (/usr/local/texlive/2020/texmf-dist/tex/latex/atveryend/atveryend.sty
Package: atveryend 2019-12-11 v1.11 Hooks at the very end of document (HO)
Package atveryend Info: \enddocument detected (standard20110627).
)
\Fld@listcount=\count327
\c@bookmark@seq@number=\count328
 (/usr/local/texlive/2020/texmf-dist/tex/latex/rerunfilecheck/rerunfilecheck.sty
Package: rerunfilecheck 2019/12/05 v1.9 Rerun checks for auxiliary files (HO)
 (/usr/local/texlive/2020/texmf-dist/tex/generic/uniquecounter/uniquecounter.sty
Package: uniquecounter 2019/12/15 v1.4 Provide unlimited unique counter (HO)
)
Package uniquecounter Info: New unique counter `rerunfilecheck' on input line 286.
)
\Hy@SectionHShift=\skip85
) (/usr/local/texlive/2020/texmf-dist/tex/latex/l3backend/l3backend-pdfmode.def
File: l3backend-pdfmode.def 2020-03-12 L3 backend support: PDF mode
\l__kernel_color_stack_int=\count329
\l__pdf_internal_box=\box96
) (/Users/francisco/Documents/utec/cs1000-utec/pc1/latex/pc1.aux)
\openout1 = `pc1.aux'.

LaTeX Font Info:    Checking defaults for OML/cmm/m/it on input line 25.
LaTeX Font Info:    ... okay on input line 25.
LaTeX Font Info:    Checking defaults for OMS/cmsy/m/n on input line 25.
LaTeX Font Info:    ... okay on input line 25.
LaTeX Font Info:    Checking defaults for OT1/cmr/m/n on input line 25.
LaTeX Font Info:    ... okay on input line 25.
LaTeX Font Info:    Checking defaults for T1/cmr/m/n on input line 25.
LaTeX Font Info:    ... okay on input line 25.
LaTeX Font Info:    Checking defaults for TS1/cmr/m/n on input line 25.
LaTeX Font Info:    ... okay on input line 25.
LaTeX Font Info:    Checking defaults for OMX/cmex/m/n on input line 25.
LaTeX Font Info:    ... okay on input line 25.
LaTeX Font Info:    Checking defaults for U/cmr/m/n on input line 25.
LaTeX Font Info:    ... okay on input line 25.
LaTeX Font Info:    Checking defaults for PD1/pdf/m/n on input line 25.
LaTeX Font Info:    ... okay on input line 25.

*geometry* driver: auto-detecting
*geometry* detected driver: pdftex
*geometry* verbose mode - [ preamble ] result:
* driver: pdftex
* paper: <default>
* layout: <same size as paper>
* layoutoffset:(h,v)=(0.0pt,0.0pt)
* modes: 
* h-part:(L,W,R)=(72.26999pt, 469.75502pt, 72.26999pt)
* v-part:(T,H,B)=(72.26999pt, 650.43001pt, 72.26999pt)
* \paperwidth=614.295pt
* \paperheight=794.96999pt
* \textwidth=469.75502pt
* \textheight=650.43001pt
* \oddsidemargin=0.0pt
* \evensidemargin=0.0pt
* \topmargin=-30.0pt
* \headheight=15.0pt
* \headsep=15.0pt
* \topskip=12.0pt
* \footskip=29.0pt
* \marginparwidth=36.135pt
* \marginparsep=5.0pt
* \columnsep=10.0pt
* \skip\footins=10.8pt plus 4.0pt minus 2.0pt
* \hoffset=0.0pt
* \voffset=0.0pt
* \mag=1000
* \@twocolumnfalse
* \@twosidefalse
* \@mparswitchfalse
* \@reversemarginfalse
* (1in=72.27pt=25.4mm, 1cm=28.453pt)

(/usr/local/texlive/2020/texmf-dist/tex/context/base/mkii/supp-pdf.mkii
[Loading MPS to PDF converter (version 2006.09.02).]
\scratchcounter=\count330
\scratchdimen=\dimen176
\scratchbox=\box97
\nofMPsegments=\count331
\nofMParguments=\count332
\everyMPshowfont=\toks30
\MPscratchCnt=\count333
\MPscratchDim=\dimen177
\MPnumerator=\count334
\makeMPintoPDFobject=\count335
\everyMPtoPDFconversion=\toks31
) (/usr/local/texlive/2020/texmf-dist/tex/latex/epstopdf-pkg/epstopdf-base.sty
Package: epstopdf-base 2020-01-24 v2.11 Base part for package epstopdf
Package epstopdf-base Info: Redefining graphics rule for `.eps' on input line 485.
 (/usr/local/texlive/2020/texmf-dist/tex/latex/latexconfig/epstopdf-sys.cfg
File: epstopdf-sys.cfg 2010/07/13 v1.3 Configuration of (r)epstopdf for TeX Live
))
\c@lstlisting=\count336
\AtBeginShipoutBox=\box98
Package hyperref Info: Link coloring OFF on input line 25.
 (/usr/local/texlive/2020/texmf-dist/tex/latex/hyperref/nameref.sty
Package: nameref 2019/09/16 v2.46 Cross-referencing by name of section
 (/usr/local/texlive/2020/texmf-dist/tex/latex/refcount/refcount.sty
Package: refcount 2019/12/15 v3.6 Data extraction from label references (HO)
) (/usr/local/texlive/2020/texmf-dist/tex/generic/gettitlestring/gettitlestring.sty
Package: gettitlestring 2019/12/15 v1.6 Cleanup title references (HO)
)
\c@section@level=\count337
)
LaTeX Info: Redefining \ref on input line 25.
LaTeX Info: Redefining \pageref on input line 25.
LaTeX Info: Redefining \nameref on input line 25.
 (/Users/francisco/Documents/utec/cs1000-utec/pc1/latex/pc1.out) (/Users/francisco/Documents/utec/cs1000-utec/pc1/latex/pc1.out)
\@outlinefile=\write3
\openout3 = `pc1.out'.

LaTeX Font Info:    Trying to load font information for U+msa on input line 27.
 (/usr/local/texlive/2020/texmf-dist/tex/latex/amsfonts/umsa.fd
File: umsa.fd 2013/01/14 v3.01 AMS symbols A
)
LaTeX Font Info:    Trying to load font information for U+msb on input line 27.
 (/usr/local/texlive/2020/texmf-dist/tex/latex/amsfonts/umsb.fd
File: umsb.fd 2013/01/14 v3.01 AMS symbols B
)
<logo.png, id=4, 803.0pt x 378.41376pt>
File: logo.png Graphic file (type png)
<use logo.png>
Package pdftex.def Info: logo.png  used on input line 29.
(pdftex.def)             Requested size: 130.08774pt x 85.35883pt.

Overfull \hbox (36.0pt too wide) in alignment at lines 27--43
[][][]
 []


Underfull \hbox (badness 10000) in paragraph at lines 26--44

 []


Overfull \hbox (17.62482pt too wide) in paragraph at lines 45--48
[][]
 []

[1

{/usr/local/texlive/2020/texmf-var/fonts/map/pdftex/updmap/pdftex.map} </Users/francisco/Documents/utec/cs1000-utec/pc1/latex/logo.png>] [2]
<../figures/suma.jpg, id=38, 297.11pt x 228.855pt>
File: ../figures/suma.jpg Graphic file (type jpg)
<use ../figures/suma.jpg>
Package pdftex.def Info: ../figures/suma.jpg  used on input line 112.
(pdftex.def)             Requested size: 187.89914pt x 144.73813pt.
 [3 </Users/francisco/Documents/utec/cs1000-utec/pc1/latex/../figures/suma.jpg>]
Underfull \hbox (badness 10000) in paragraph at lines 170--170
[]\OT1/cmr/m/n/12 Utiliza cor-rec-ta-
 []


Underfull \hbox (badness 7504) in paragraph at lines 170--170
\OT1/cmr/m/n/12 mente las com-
 []


Underfull \hbox (badness 10000) in paragraph at lines 170--170
\OT1/cmr/m/n/12 puer-tas l^^Sogicas
 []


Underfull \hbox (badness 7151) in paragraph at lines 170--170
\OT1/cmr/m/n/12 para el cir-cuito
 []


Underfull \hbox (badness 5893) in paragraph at lines 170--170
[]\OT1/cmr/m/n/12 Realiza cor-rec-ta-
 []


Underfull \hbox (badness 10000) in paragraph at lines 170--170
\OT1/cmr/m/n/12 so-lic-i-tado para
 []


Underfull \hbox (badness 10000) in paragraph at lines 170--170
\OT1/cmr/m/n/12 la SUM, sin
 []


Underfull \hbox (badness 10000) in paragraph at lines 170--170
\OT1/cmr/m/n/12 em-bargo, ex-
 []


Underfull \hbox (badness 1629) in paragraph at lines 170--170
\OT1/cmr/m/n/12 iste un er-ror en
 []


Underfull \hbox (badness 10000) in paragraph at lines 170--170
\OT1/cmr/m/n/12 las com-puer-tas
 []


Underfull \hbox (badness 10000) in paragraph at lines 170--170
\OT1/cmr/m/n/12 que cal-cu-lan el
 []


Underfull \hbox (badness 5893) in paragraph at lines 170--170
[]\OT1/cmr/m/n/12 Realiza cor-rec-ta-
 []


Underfull \hbox (badness 10000) in paragraph at lines 170--170
\OT1/cmr/m/n/12 so-lic-i-tado para
 []


Underfull \hbox (badness 10000) in paragraph at lines 170--170
\OT1/cmr/m/n/12 el CARRY, sin
 []


Underfull \hbox (badness 10000) in paragraph at lines 170--170
\OT1/cmr/m/n/12 em-bargo, ex-iste
 []


Underfull \hbox (badness 3281) in paragraph at lines 170--170
\OT1/cmr/m/n/12 un er-ror en las
 []


Underfull \hbox (badness 10000) in paragraph at lines 170--170
\OT1/cmr/m/n/12 com-puer-tas que
 []


Underfull \hbox (badness 4353) in paragraph at lines 170--170
\OT1/cmr/m/n/12 tradas y sal-i-das
 []


Underfull \hbox (badness 6284) in paragraph at lines 170--170
[]\OT1/cmr/m/n/12 Identifica cor-rec-
 []


Underfull \hbox (badness 6284) in paragraph at lines 170--170
[]\OT1/cmr/m/n/12 Identifica cor-rec-
 []


Underfull \hbox (badness 1092) in paragraph at lines 170--170
\OT1/cmr/m/n/12 dad de en-tradas,
 []


Underfull \hbox (badness 2245) in paragraph at lines 170--170
\OT1/cmr/m/n/12 pero no la can-
 []


Underfull \hbox (badness 1796) in paragraph at lines 170--170
\OT1/cmr/m/n/12 ti-dad de sal-i-das.
 []


Underfull \hbox (badness 6284) in paragraph at lines 170--170
[]\OT1/cmr/m/n/12 Identifica cor-rec-
 []


Underfull \hbox (badness 4543) in paragraph at lines 170--170
\OT1/cmr/m/n/12 ta-mente la can-
 []


Underfull \hbox (badness 1796) in paragraph at lines 170--170
\OT1/cmr/m/n/12 ti-dad de sal-i-das,
 []


Underfull \hbox (badness 1092) in paragraph at lines 170--170
\OT1/cmr/m/n/12 dad de en-tradas.
 []


Underfull \hbox (badness 10000) in paragraph at lines 170--170
[]\OT1/cmr/m/n/12 No de-mues-tra
 []


Underfull \hbox (badness 10000) in paragraph at lines 170--170
\OT1/cmr/m/n/12 conocimiento de
 []

[4] (/usr/local/texlive/2020/texmf-dist/tex/latex/listings/lstlang1.sty
File: lstlang1.sty 2020/03/24 1.8d listings language file
)
LaTeX Font Info:    Font shape `OT1/cmtt/bx/n' in size <12> not available
(Font)              Font shape `OT1/cmtt/m/n' tried instead on input line 193.
 [5]
Underfull \hbox (badness 10000) in paragraph at lines 256--256
[]\OT1/cmr/m/n/12 Desarrollo del
 []


Underfull \hbox (badness 10000) in paragraph at lines 256--256
\OT1/cmr/m/n/12 cor-rec-ta-mente
 []


Underfull \hbox (badness 10000) in paragraph at lines 256--256
\OT1/cmr/m/n/12 e im-prime la
 []


Underfull \hbox (badness 3029) in paragraph at lines 256--256
\OT1/cmr/m/n/12 re-spuesta con el
 []


Underfull \hbox (badness 10000) in paragraph at lines 256--256
\OT1/cmr/m/n/12 co-mando in-di-
 []


Underfull \hbox (badness 3930) in paragraph at lines 256--256
\OT1/cmr/m/n/12 em-bargo no im-
 []


Underfull \hbox (badness 10000) in paragraph at lines 256--256
\OT1/cmr/m/n/12 cor-rec-ta-mente,
 []


Underfull \hbox (badness 10000) in paragraph at lines 256--256
\OT1/cmr/m/n/12 uti-liza ade-
 []


Underfull \hbox (badness 10000) in paragraph at lines 256--256
\OT1/cmr/m/n/12 cuada-mente las
 []


Underfull \hbox (badness 10000) in paragraph at lines 256--256
\OT1/cmr/m/n/12 fun-ciones bi-na-
 []


Underfull \hbox (badness 10000) in paragraph at lines 256--256
\OT1/cmr/m/n/12 imiento al-guno.
 []

[6] [7]
<../figures/pregunta3.png, id=82, 393.47pt x 592.2125pt>
File: ../figures/pregunta3.png Graphic file (type png)
<use ../figures/pregunta3.png>
Package pdftex.def Info: ../figures/pregunta3.png  used on input line 278.
(pdftex.def)             Requested size: 422.77664pt x 636.31783pt.
 [8 </Users/francisco/Documents/utec/cs1000-utec/pc1/latex/../figures/pregunta3.png>]
Underfull \hbox (badness 10000) in paragraph at lines 341--341
[]\OT1/cmr/m/n/12 Identifica y
 []


Underfull \hbox (badness 3612) in paragraph at lines 341--341
\OT1/cmr/m/n/12 uti-liza ade-cuada-
 []


Underfull \hbox (badness 7064) in paragraph at lines 341--341
\OT1/cmr/m/n/12 mente t^^S^^Ptulos y
 []


Underfull \hbox (badness 10000) in paragraph at lines 341--341
\OT1/cmr/m/n/12 subt^^S^^Ptulos donde
 []


Underfull \hbox (badness 10000) in paragraph at lines 341--341
\OT1/cmr/m/n/12 cor-re-sponde.
 []


Underfull \hbox (badness 10000) in paragraph at lines 341--341
[]\OT1/cmr/m/n/12 Usa ade-cuan-da-
 []


Underfull \hbox (badness 10000) in paragraph at lines 341--341
\OT1/cmr/m/n/12 ti-fica subt^^S^^Ptulos.
 []


Underfull \hbox (badness 10000) in paragraph at lines 341--341
[]\OT1/cmr/m/n/12 Usa ade-cuan-
 []


Underfull \hbox (badness 10000) in paragraph at lines 341--341
\OT1/cmr/m/n/12 da-mente t^^S^^Ptulos
 []


Underfull \hbox (badness 10000) in paragraph at lines 341--341
\OT1/cmr/m/n/12 y subt^^S^^Ptulos,
 []


Underfull \hbox (badness 10000) in paragraph at lines 341--341
\OT1/cmr/m/n/12 sin em-bargo,
 []


Underfull \hbox (badness 10000) in paragraph at lines 341--341
\OT1/cmr/m/n/12 falt^^So in-cluir un
 []


Underfull \hbox (badness 10000) in paragraph at lines 341--341
\OT1/cmr/m/n/12 t^^S^^Ptulo/subt^^S^^Ptulo
 []


Underfull \hbox (badness 10000) in paragraph at lines 341--341
[]\OT1/cmr/m/n/12 No de-mues-tra
 []


Underfull \hbox (badness 6268) in paragraph at lines 341--341
\OT1/cmr/m/n/12 conocimiento del
 []


Underfull \hbox (badness 1603) in paragraph at lines 341--341
\OT1/cmr/m/n/12 uso de t^^S^^Ptulos o
 []


Underfull \hbox (badness 5893) in paragraph at lines 341--341
[]\OT1/cmr/m/n/12 Realiza cor-rec-ta-
 []


Underfull \hbox (badness 4416) in paragraph at lines 341--341
\OT1/cmr/m/n/12 de la tabla sin
 []


Underfull \hbox (badness 10000) in paragraph at lines 341--341
\OT1/cmr/m/n/12 definir cor-rec-ta-
 []


Underfull \hbox (badness 10000) in paragraph at lines 341--341
\OT1/cmr/m/n/12 de la tabla.
 []


Underfull \hbox (badness 2080) in paragraph at lines 341--341
\OT1/cmr/m/n/12 de la tabla, sin
 []


Underfull \hbox (badness 7595) in paragraph at lines 341--341
\OT1/cmr/m/n/12 em-bargo no in-
 []


Underfull \hbox (badness 10000) in paragraph at lines 341--341
\OT1/cmr/m/n/12 cluye to-das las
 []


Underfull \hbox (badness 10000) in paragraph at lines 341--341
\OT1/cmr/m/n/12 fi-las o colum-
 []


Underfull \hbox (badness 10000) in paragraph at lines 341--341
\OT1/cmr/m/n/12 nas so-lic-i-tadas.
 []


Underfull \hbox (badness 10000) in paragraph at lines 341--341
[]\OT1/cmr/m/n/12 No de-mues-tra
 []


Underfull \hbox (badness 6268) in paragraph at lines 341--341
\OT1/cmr/m/n/12 conocimiento del
 []


Underfull \hbox (badness 1502) in paragraph at lines 341--341
\OT1/cmr/m/n/12 uso ade-cuado de
 []


Underfull \hbox (badness 5893) in paragraph at lines 341--341
[]\OT1/cmr/m/n/12 Realiza cor-rec-ta-
 []


Underfull \hbox (badness 2326) in paragraph at lines 341--341
\OT1/cmr/m/n/12 adas y sin enu-
 []


Underfull \hbox (badness 10000) in paragraph at lines 341--341
[]\OT1/cmr/m/n/12 Realizar cor-
 []


Underfull \hbox (badness 10000) in paragraph at lines 341--341
\OT1/cmr/m/n/12 rec-ta-mente la
 []


Underfull \hbox (badness 10000) in paragraph at lines 341--341
\OT1/cmr/m/n/12 enu-merar, pero
 []


Underfull \hbox (badness 10000) in paragraph at lines 341--341
\OT1/cmr/m/n/12 sin enu-merar,
 []


Underfull \hbox (badness 10000) in paragraph at lines 341--341
\OT1/cmr/m/n/12 o vicev-ersa.
 []


Underfull \hbox (badness 10000) in paragraph at lines 341--341
[]\OT1/cmr/m/n/12 No de-mues-tra
 []


Underfull \hbox (badness 10000) in paragraph at lines 341--341
\OT1/cmr/m/n/12 conocimiento de
 []


Underfull \hbox (badness 4805) in paragraph at lines 341--341
\OT1/cmr/m/n/12 y sin enu-merar.
 []


Underfull \hbox (badness 5893) in paragraph at lines 341--341
[]\OT1/cmr/m/n/12 Realiza cor-rec-ta-
 []


Underfull \hbox (badness 4726) in paragraph at lines 341--341
\OT1/cmr/m/n/12 de c^^Sodigo, pero
 []


Underfull \hbox (badness 4229) in paragraph at lines 341--341
\OT1/cmr/m/n/12 no-toda la in-for-
 []


Underfull \hbox (badness 10000) in paragraph at lines 341--341
\OT1/cmr/m/n/12 los blo-ques de
 []


Underfull \hbox (badness 3417) in paragraph at lines 341--341
\OT1/cmr/m/n/12 c^^Sodigo, o vicev-
 []


Underfull \hbox (badness 10000) in paragraph at lines 341--341
[]\OT1/cmr/m/n/12 No de-mues-tra
 []


Underfull \hbox (badness 10000) in paragraph at lines 341--341
\OT1/cmr/m/n/12 conocimiento de
 []


Underfull \hbox (badness 10000) in paragraph at lines 341--341
[]\OT1/cmr/m/n/12 Inclusi^^Son de
 []


Underfull \hbox (badness 10000) in paragraph at lines 341--341
\OT1/cmr/m/n/12 im^^Sagenes y ex-
 []


Underfull \hbox (badness 2538) in paragraph at lines 341--341
\OT1/cmr/m/n/12 tensi^^Son ade-cuada
 []


Underfull \hbox (badness 5893) in paragraph at lines 341--341
[]\OT1/cmr/m/n/12 Realiza cor-rec-ta-
 []


Underfull \hbox (badness 10000) in paragraph at lines 341--341
\OT1/cmr/m/n/12 imag^^Senes y el
 []


Underfull \hbox (badness 10000) in paragraph at lines 341--341
\OT1/cmr/m/n/12 el for-mato .md
 []


Underfull \hbox (badness 10000) in paragraph at lines 341--341
\OT1/cmr/m/n/12 de la im^^Sagen,
 []


Underfull \hbox (badness 10000) in paragraph at lines 341--341
\OT1/cmr/m/n/12 sin em-bargo el
 []


Underfull \hbox (badness 2884) in paragraph at lines 341--341
\OT1/cmr/m/n/12 archivo no tiene
 []


Underfull \hbox (badness 1360) in paragraph at lines 341--341
\OT1/cmr/m/n/12 la ex-tensi^^Son .md
 []


Underfull \hbox (badness 10000) in paragraph at lines 341--341
[]\OT1/cmr/m/n/12 No re-al-iza cor-
 []


Underfull \hbox (badness 10000) in paragraph at lines 341--341
\OT1/cmr/m/n/12 rec-ta-mente la
 []


Underfull \hbox (badness 10000) in paragraph at lines 341--341
\OT1/cmr/m/n/12 creaci^^Son de la
 []


Underfull \hbox (badness 4168) in paragraph at lines 341--341
\OT1/cmr/m/n/12 im-a-gen, pero el
 []


Underfull \hbox (badness 5939) in paragraph at lines 341--341
\OT1/cmr/m/n/12 archivo tiene la
 []


Underfull \hbox (badness 10000) in paragraph at lines 341--341
\OT1/cmr/m/n/12 ex-tensi^^Son .md
 []


Underfull \hbox (badness 10000) in paragraph at lines 341--341
\OT1/cmr/m/n/12 cor-re-spon-di-ente
 []


Underfull \hbox (badness 10000) in paragraph at lines 341--341
[]\OT1/cmr/m/n/12 No de-mues-tra
 []


Underfull \hbox (badness 10000) in paragraph at lines 341--341
\OT1/cmr/m/n/12 conocimiento
 []


Underfull \hbox (badness 10000) in paragraph at lines 341--341
\OT1/cmr/m/n/12 de in-clusi^^Son
 []


Underfull \hbox (badness 10000) in paragraph at lines 341--341
\OT1/cmr/m/n/12 de im^^Sagenes
 []


Underfull \hbox (badness 10000) in paragraph at lines 341--341
\OT1/cmr/m/n/12 ni del for-mato
 []


Underfull \hbox (badness 5203) in paragraph at lines 341--341
\OT1/cmr/m/n/12 del archivo .md
 []

[9] [10]
Underfull \hbox (badness 2384) in paragraph at lines 414--414
\OT1/cmr/m/n/12 de la tabla uti-
 []


Underfull \hbox (badness 10000) in paragraph at lines 414--414
\OT1/cmr/m/n/12 lizando el co-
 []


Underfull \hbox (badness 1226) in paragraph at lines 414--414
\OT1/cmr/m/n/12 mando ade-cuado,
 []


Underfull \hbox (badness 10000) in paragraph at lines 414--414
\OT1/cmr/m/n/12 nece-sar-ios para
 []


Underfull \hbox (badness 1383) in paragraph at lines 414--414
\OT1/cmr/m/n/12 guardar la in-for-
 []


Underfull \hbox (badness 1769) in paragraph at lines 414--414
\OT1/cmr/m/n/12 maci^^Son so-lic-i-tada
 []


Underfull \hbox (badness 10000) in paragraph at lines 414--414
\OT1/cmr/m/n/12 y re-spec-tivos
 []


Underfull \hbox (badness 10000) in paragraph at lines 414--414
\OT1/cmr/m/n/12 tipos de datos
 []


Underfull \hbox (badness 4673) in paragraph at lines 414--414
\OT1/cmr/m/n/12 ade-cua-dos. \OT1/cmr/bx/n/12 (2
 []


Underfull \hbox (badness 2384) in paragraph at lines 414--414
\OT1/cmr/m/n/12 de la tabla uti-
 []


Underfull \hbox (badness 10000) in paragraph at lines 414--414
\OT1/cmr/m/n/12 lizando el co-
 []


Underfull \hbox (badness 1226) in paragraph at lines 414--414
\OT1/cmr/m/n/12 mando ade-cuado,
 []


Underfull \hbox (badness 1655) in paragraph at lines 414--414
\OT1/cmr/m/n/12 sin em-bargo, los
 []


Underfull \hbox (badness 6110) in paragraph at lines 414--414
\OT1/cmr/m/n/12 atrib-u-tos uti-liza-
 []


Underfull \hbox (badness 2012) in paragraph at lines 414--414
\OT1/cmr/m/n/12 dos no per-miten
 []


Underfull \hbox (badness 2237) in paragraph at lines 414--414
\OT1/cmr/m/n/12 al-ma-ce-nar la in-
 []


Underfull \hbox (badness 3333) in paragraph at lines 414--414
\OT1/cmr/m/n/12 for-maci^^Son en su
 []


Underfull \hbox (badness 10000) in paragraph at lines 414--414
\OT1/cmr/m/n/12 de la tabla
 []


Underfull \hbox (badness 10000) in paragraph at lines 414--414
\OT1/cmr/m/n/12 uti-lizando el
 []


Underfull \hbox (badness 10000) in paragraph at lines 414--414
\OT1/cmr/m/n/12 co-mando ade-
 []


Underfull \hbox (badness 10000) in paragraph at lines 414--414
\OT1/cmr/m/n/12 cuando, sin
 []


Underfull \hbox (badness 1331) in paragraph at lines 414--414
\OT1/cmr/m/n/12 u-tos uti-liza-dos y
 []


Underfull \hbox (badness 10000) in paragraph at lines 414--414
\OT1/cmr/m/n/12 sus re-spec-tivos
 []


Underfull \hbox (badness 10000) in paragraph at lines 414--414
\OT1/cmr/m/n/12 tipos de datos
 []


Underfull \hbox (badness 10000) in paragraph at lines 414--414
\OT1/cmr/m/n/12 son in-cor-rec-tos
 []


Underfull \hbox (badness 3668) in paragraph at lines 414--414
\OT1/cmr/m/n/12 ya que no per-
 []


Underfull \hbox (badness 7981) in paragraph at lines 414--414
\OT1/cmr/m/n/12 miten al-ma-ce-nar
 []


Underfull \hbox (badness 10000) in paragraph at lines 414--414
\OT1/cmr/m/n/12 la in-for-maci^^Son
 []


Underfull \hbox (badness 1527) in paragraph at lines 414--414
\OT1/cmr/m/n/12 so-lic-i-tada. \OT1/cmr/bx/n/12 (0.5
 []


Underfull \hbox (badness 10000) in paragraph at lines 414--414
[]\OT1/cmr/m/n/12 No de-mues-tra
 []


Underfull \hbox (badness 10000) in paragraph at lines 414--414
\OT1/cmr/m/n/12 conocimiento de
 []


Underfull \hbox (badness 10000) in paragraph at lines 414--414
\OT1/cmr/m/n/12 la sin-taxis del
 []


Underfull \hbox (badness 4217) in paragraph at lines 414--414
\OT1/cmr/m/n/12 so-lic-i-ta-dos. \OT1/cmr/bx/n/12 (3
 []


Underfull \hbox (badness 5893) in paragraph at lines 414--414
[]\OT1/cmr/m/n/12 Realiza cor-rec-ta-
 []


Underfull \hbox (badness 10000) in paragraph at lines 414--414
\OT1/cmr/m/n/12 mente in-serci^^Son
 []


Underfull \hbox (badness 3291) in paragraph at lines 414--414
\OT1/cmr/m/n/12 datos so-lic-i-ta-dos.
 []


Underfull \hbox (badness 2573) in paragraph at lines 414--414
\OT1/cmr/m/n/12 serci^^Son de datos
 []


Underfull \hbox (badness 4108) in paragraph at lines 414--414
\OT1/cmr/m/n/12 tiene la sin-taxis
 []


Underfull \hbox (badness 4454) in paragraph at lines 414--414
\OT1/cmr/m/n/12 el or-den de el-
 []


Underfull \hbox (badness 10000) in paragraph at lines 414--414
[]\OT1/cmr/m/n/12 No de-mues-tra
 []


Underfull \hbox (badness 10000) in paragraph at lines 414--414
\OT1/cmr/m/n/12 conocimiento de
 []


Underfull \hbox (badness 10000) in paragraph at lines 414--414
\OT1/cmr/m/n/12 la sin-taxis del
 []

[11]
This exam contains 4 questions with 0 parts, 0 subparts, and 0 subsubparts.
This exam has a total of 20 points.
This exam has a total of 0 bonus points.
Package atveryend Info: Empty hook `BeforeClearDocument' on input line 419.
Package atveryend Info: Empty hook `AfterLastShipout' on input line 419.
(/Users/francisco/Documents/utec/cs1000-utec/pc1/latex/pc1.aux)
Package atveryend Info: Executing hook `AtVeryEndDocument' on input line 419.
Package atveryend Info: Executing hook `AtEndAfterFileList' on input line 419.
Package rerunfilecheck Info: File `pc1.out' has not changed.
(rerunfilecheck)             Checksum: D41D8CD98F00B204E9800998ECF8427E;0.
Package atveryend Info: Empty hook `AtVeryVeryEnd' on input line 419.
 ) 
Here is how much of TeX's memory you used:
 9970 strings out of 480608
 143919 string characters out of 5903631
 642012 words of memory out of 5000000
 25666 multiletter control sequences out of 15000+600000
 539522 words of font info for 51 fonts, out of 8000000 for 9000
 1141 hyphenation exceptions out of 8191
 34i,12n,42p,458b,1446s stack positions out of 5000i,500n,10000p,200000b,80000s
{/usr/local/texlive/2020/texmf-dist/fonts/enc/dvips/cm-super/cm-super-ts1.enc}</usr/local/texlive/2020/texmf-dist/fonts/type1/public/amsfonts/cm/cmbx12.pfb></usr/local/texlive/2020/texmf-dist/fonts/type1/public/amsfonts/cm/cmitt10.pfb></usr/local/texlive/2020/texmf-dist/fonts/type1/public/amsfonts/cm/cmmi12.pfb></usr/local/texlive/2020/texmf-dist/fonts/type1/public/amsfonts/cm/cmr12.pfb></usr/local/texlive/2020/texmf-dist/fonts/type1/public/amsfonts/cm/cmr17.pfb></usr/local/texlive/2020/texmf-dist/fonts/type1/public/amsfonts/cm/cmsy10.pfb></usr/local/texlive/2020/texmf-dist/fonts/type1/public/amsfonts/cm/cmti12.pfb></usr/local/texlive/2020/texmf-dist/fonts/type1/public/amsfonts/cm/cmtt12.pfb></usr/local/texlive/2020/texmf-dist/fonts/type1/public/cm-super/sfrm1200.pfb>
Output written on /Users/francisco/Documents/utec/cs1000-utec/pc1/latex/pc1.pdf (11 pages, 494070 bytes).
PDF statistics:
 147 PDF objects out of 1000 (max. 8388607)
 118 compressed objects within 2 object streams
 41 named destinations out of 1000 (max. 500000)
 16 words of extra memory for PDF output out of 10000 (max. 10000000)

